Removed Pin From Net: NetName=DGND Pin=FLASH MODE1-2
Removed Pin From Net: NetName=IR_LEARN Pin=IR LEARN1-2
Removed Pin From Net: NetName=DTR Pin=MCU RESET1-2
Change Component DesignItemId : Designator=FLASH MODE1 Old DesignItemId=MOMENTARY-SWITCH-SPST-PTH-RIGHT-ANGLE-KIT New DesignItemId=MOMENTARY-SWITCH-SPST-SMD-5.2MM
Change Component DesignItemId : Designator=IR LEARN1 Old DesignItemId=MOMENTARY-SWITCH-SPST-PTH-RIGHT-ANGLE-KIT New DesignItemId=MOMENTARY-SWITCH-SPST-SMD-5.2MM
Change Component DesignItemId : Designator=MCU RESET1 Old DesignItemId=MOMENTARY-SWITCH-SPST-PTH-RIGHT-ANGLE-KIT New DesignItemId=MOMENTARY-SWITCH-SPST-SMD-5.2MM
Change Component Footprint: Designator=FLASH MODE1 Old Footprint=TACTILE_SWITCH_PTH_RIGHT_ANGLE_KIT New Footprint=TACTILE_SWITCH_SMD_5.2MM
Change Component Footprint: Designator=IR LEARN1 Old Footprint=TACTILE_SWITCH_PTH_RIGHT_ANGLE_KIT New Footprint=TACTILE_SWITCH_SMD_5.2MM
Change Component Footprint: Designator=MCU RESET1 Old Footprint=TACTILE_SWITCH_PTH_RIGHT_ANGLE_KIT New Footprint=TACTILE_SWITCH_SMD_5.2MM
Change Component Comment : Designator=FLASH MODE1 Old Comment= New Comment=Momentary Switch (Pushbutton) - SPST    Normally-open (NO) SPST momentary switches (buttons, pushbuttons). Variants  PTH-12MM - 12mm square, through-hole  Momentary Pushbutton Switch - 12mm Square (COM-09190)     PTH-6.0MM, PTH-6.0MM-KIT - 6.0mm square, through-hole  Mini Pushbutton Switch (COM-00097)  KIT package intended for soldering kit's - only one side of pads' copper is exposed.     PTH-RIGHT-ANGLE-KIT - Right-angle, through-hole  Right Angle Tactile Button - Used on SparkFun BigTime Watch Kit     SMD-12MM - 12mm square, surface-mount  Tactile Button - SMD (12mm) (COM-12993)  Used on SparkFun PicoBoard     SMD-4.5MM - 4.5mm Square Trackball Switch  Used on SparkFun Blackberry Trackballer Breakout     SMD-4.6MMX2.8MM -  4.60mm x 2.80mm, surface mount  Used on SparkFun SAMD21 Mini Breakout     SMD-5.2MM, SMD-5.2-REDUNDANT - 5.2mm square, surface-mount  Mini Pushbutton Switch - SMD (COM-08720)  Used on Arduino Pro Mini  REDUNDANT package connects both switch circuits together     SMD-6.0X3.5MM - 6.0 x 3.5mm, surface mount  Momentary Reset Switch SMD (COM-08229)     SMD-6.2MM-TALL - 6.2mm square, surface mount  Tactile Button - SMD (6mm)  Used on SparkFun Digital Sandbox     SMD-RIGHT-ANGLE - Right-angle, surface mount  Used on SparkFun Block for Intel® Edison - Arduino
Change Component Comment : Designator=IR LEARN1 Old Comment= New Comment=Momentary Switch (Pushbutton) - SPST    Normally-open (NO) SPST momentary switches (buttons, pushbuttons). Variants  PTH-12MM - 12mm square, through-hole  Momentary Pushbutton Switch - 12mm Square (COM-09190)     PTH-6.0MM, PTH-6.0MM-KIT - 6.0mm square, through-hole  Mini Pushbutton Switch (COM-00097)  KIT package intended for soldering kit's - only one side of pads' copper is exposed.     PTH-RIGHT-ANGLE-KIT - Right-angle, through-hole  Right Angle Tactile Button - Used on SparkFun BigTime Watch Kit     SMD-12MM - 12mm square, surface-mount  Tactile Button - SMD (12mm) (COM-12993)  Used on SparkFun PicoBoard     SMD-4.5MM - 4.5mm Square Trackball Switch  Used on SparkFun Blackberry Trackballer Breakout     SMD-4.6MMX2.8MM -  4.60mm x 2.80mm, surface mount  Used on SparkFun SAMD21 Mini Breakout     SMD-5.2MM, SMD-5.2-REDUNDANT - 5.2mm square, surface-mount  Mini Pushbutton Switch - SMD (COM-08720)  Used on Arduino Pro Mini  REDUNDANT package connects both switch circuits together     SMD-6.0X3.5MM - 6.0 x 3.5mm, surface mount  Momentary Reset Switch SMD (COM-08229)     SMD-6.2MM-TALL - 6.2mm square, surface mount  Tactile Button - SMD (6mm)  Used on SparkFun Digital Sandbox     SMD-RIGHT-ANGLE - Right-angle, surface mount  Used on SparkFun Block for Intel® Edison - Arduino
Change Component Comment : Designator=MCU RESET1 Old Comment= New Comment=Momentary Switch (Pushbutton) - SPST    Normally-open (NO) SPST momentary switches (buttons, pushbuttons). Variants  PTH-12MM - 12mm square, through-hole  Momentary Pushbutton Switch - 12mm Square (COM-09190)     PTH-6.0MM, PTH-6.0MM-KIT - 6.0mm square, through-hole  Mini Pushbutton Switch (COM-00097)  KIT package intended for soldering kit's - only one side of pads' copper is exposed.     PTH-RIGHT-ANGLE-KIT - Right-angle, through-hole  Right Angle Tactile Button - Used on SparkFun BigTime Watch Kit     SMD-12MM - 12mm square, surface-mount  Tactile Button - SMD (12mm) (COM-12993)  Used on SparkFun PicoBoard     SMD-4.5MM - 4.5mm Square Trackball Switch  Used on SparkFun Blackberry Trackballer Breakout     SMD-4.6MMX2.8MM -  4.60mm x 2.80mm, surface mount  Used on SparkFun SAMD21 Mini Breakout     SMD-5.2MM, SMD-5.2-REDUNDANT - 5.2mm square, surface-mount  Mini Pushbutton Switch - SMD (COM-08720)  Used on Arduino Pro Mini  REDUNDANT package connects both switch circuits together     SMD-6.0X3.5MM - 6.0 x 3.5mm, surface mount  Momentary Reset Switch SMD (COM-08229)     SMD-6.2MM-TALL - 6.2mm square, surface mount  Tactile Button - SMD (6mm)  Used on SparkFun Digital Sandbox     SMD-RIGHT-ANGLE - Right-angle, surface mount  Used on SparkFun Block for Intel® Edison - Arduino
Change component parameters: Designator = "FLASH MODE1"; Footprint = "TACTILE_SWITCH_SMD_5.2MM"; UniqueID = "\BMCFSYWB"
Change component parameters. Clean all parameters for all variants
Change component parameters (AddParameter): Name = "PROD_ID"; Value = "SWCH-08247"; VariantName = "[No Variations]"
Change component parameters (AddParameter): Name = "SF_SKU"; Value = "COM-08720"; VariantName = "[No Variations]"
Change component parameters: Designator = "IR LEARN1"; Footprint = "TACTILE_SWITCH_SMD_5.2MM"; UniqueID = "\AIDOTVDA"
Change component parameters. Clean all parameters for all variants
Change component parameters (AddParameter): Name = "PROD_ID"; Value = "SWCH-08247"; VariantName = "[No Variations]"
Change component parameters (AddParameter): Name = "SF_SKU"; Value = "COM-08720"; VariantName = "[No Variations]"
Change component parameters: Designator = "MCU RESET1"; Footprint = "TACTILE_SWITCH_SMD_5.2MM"; UniqueID = "\LKXKAXLD"
Change component parameters. Clean all parameters for all variants
Change component parameters (AddParameter): Name = "PROD_ID"; Value = "SWCH-08247"; VariantName = "[No Variations]"
Change component parameters (AddParameter): Name = "SF_SKU"; Value = "COM-08720"; VariantName = "[No Variations]"
Added Component: Designator=S2(TACTILE_SWITCH_PTH_RIGHT_ANGLE_KIT)
Add component. Clean all parameters for all variants
Add component (AddParameter): Name = "PROD_ID"; Value = "CONN-10672"; VariantName = "[No Variations]"
Add component (AddParameter): Name = "SF_SKU"; Value = "COM-10791"; VariantName = "[No Variations]"
Added Pin To Net: NetName=DGND Pin=FLASH MODE1-3
Added Pin To Net: NetName=IR_LEARN Pin=IR LEARN1-3
Added Pin To Net: NetName=DTR Pin=MCU RESET1-3
Added Member To Class: ClassName=Final_Audio_Selector_board Member=Component Pwr DAC Power blue
Added Member To Class: ClassName=Final_Audio_Selector_board Member=Component S2 
