Added Component: Designator=J2-1(USB-A-S-NOSILK-FEMALE)
Add component. Clean all parameters for all variants
Add component (AddParameter): Name = "PROD_ID"; Value = "CONN-09520"; VariantName = "[No Variations]"
Add component (AddParameter): Name = "SF_ID"; Value = "PRT-09011"; VariantName = "[No Variations]"
Added Component: Designator=P3(HDR1X4)
Add component. Clean all parameters for all variants
Add component (AddParameter): Name = "LatestRevisionDate"; Value = "17-Jul-2002"; VariantName = "[No Variations]"
Add component (AddParameter): Name = "LatestRevisionNote"; Value = "Re-released for DXP Platform."; VariantName = "[No Variations]"
Add component (AddParameter): Name = "Publisher"; Value = "Altium Limited"; VariantName = "[No Variations]"
Added Component: Designator=R38-1(R0603)
Add component. Clean all parameters for all variants
Add component (AddParameter): Name = "DESC"; Value = "470R / 1 % /  0.1 W"; VariantName = "[No Variations]"
Add component (AddParameter): Name = "MF"; Value = "Vishay"; VariantName = "[No Variations]"
Add component (AddParameter): Name = "MPN"; Value = "CRCW0603470RFKEA"; VariantName = "[No Variations]"
Add component (AddParameter): Name = "OC_MOUSER"; Value = "71-CRCW0603-470-E3"; VariantName = "[No Variations]"
Add component (AddParameter): Name = "PACKAGE"; Value = "0603"; VariantName = "[No Variations]"
Add component (AddParameter): Name = "TYPE"; Value = "Resistor"; VariantName = "[No Variations]"
Added Component: Designator=R39-1(R0603)
Add component. Clean all parameters for all variants
Add component (AddParameter): Name = "DESC"; Value = "470R / 1 % /  0.1 W"; VariantName = "[No Variations]"
Add component (AddParameter): Name = "MF"; Value = "Vishay"; VariantName = "[No Variations]"
Add component (AddParameter): Name = "MPN"; Value = "CRCW0603470RFKEA"; VariantName = "[No Variations]"
Add component (AddParameter): Name = "OC_MOUSER"; Value = "71-CRCW0603-470-E3"; VariantName = "[No Variations]"
Add component (AddParameter): Name = "PACKAGE"; Value = "0603"; VariantName = "[No Variations]"
Add component (AddParameter): Name = "TYPE"; Value = "Resistor"; VariantName = "[No Variations]"
Added Pin To Net: NetName=V_In Pin=C7-+
Added Pin To Net: NetName=USB_SWITCH_1 Pin=J2-1-GND
Added Pin To Net: NetName=V_In Pin=J2-1-VBUS
Added Pin To Net: NetName=DGND Pin=P3-1
Added Pin To Net: NetName=5V Pin=P3-4
Added Pin To Net: NetName=BIAS_D+_1_2 Pin=P3-2
Added Pin To Net: NetName=BIAS_D+_1_2 Pin=R39-1-2
Added Net: Name=BIAS_D+_1_2
Added Pin To Net: NetName=BIAS_D+_2_2 Pin=J2-1-D+
Added Pin To Net: NetName=BIAS_D+_2_2 Pin=R39-1-1
Added Net: Name=BIAS_D+_2_2
Added Pin To Net: NetName=BIAS_D-_1_2 Pin=P3-3
Added Pin To Net: NetName=BIAS_D-_1_2 Pin=R38-1-2
Added Net: Name=BIAS_D-_1_2
Added Pin To Net: NetName=BIAS_D-_2_2 Pin=J2-1-D-
Added Pin To Net: NetName=BIAS_D-_2_2 Pin=R38-1-1
Added Net: Name=BIAS_D-_2_2
Added Member To Class: ClassName=Final_Audio_Selector_board Member=Component J2-1 USB Power
Added Member To Class: ClassName=Final_Audio_Selector_board Member=Component P3 Header 4
Added Member To Class: ClassName=Final_Audio_Selector_board Member=Component R38-1 DNI
Added Member To Class: ClassName=Final_Audio_Selector_board Member=Component R39-1 DNI
