Change Component Designator: Old Designator=AUDIO_OUT New Designator=AUDIO_OUT1
Change Component Designator: Old Designator=BT_Rx_JMP New Designator=BT_Rx_JMP1
Change Component Designator: Old Designator=BT_Tx_JMP New Designator=BT_Tx_JMP1
Change Component Designator: Old Designator=C1 New Designator=C9
Change Component Designator: Old Designator=C1 New Designator=C10
Change Component Designator: Old Designator=C1 New Designator=C21
Change Component Designator: Old Designator=C1 New Designator=C23
Change Component Designator: Old Designator=C1 New Designator=C36
Change Component Designator: Old Designator=C1 New Designator=C40
Change Component Designator: Old Designator=C1 New Designator=C41
Change Component Designator: Old Designator=C1 New Designator=C43
Change Component Designator: Old Designator=C2 New Designator=C8
Change Component Designator: Old Designator=C2 New Designator=C11
Change Component Designator: Old Designator=C2 New Designator=C29
Change Component Designator: Old Designator=C2 New Designator=C30
Change Component Designator: Old Designator=C2 New Designator=C38
Change Component Designator: Old Designator=C3 New Designator=C4
Change Component Designator: Old Designator=C3 New Designator=C20
Change Component Designator: Old Designator=C4 New Designator=C3
Change Component Designator: Old Designator=C4 New Designator=C14
Change Component Designator: Old Designator=C5 New Designator=C22
Change Component Designator: Old Designator=C6 New Designator=C24
Change Component Designator: Old Designator=C7 New Designator=C26
Change Component Designator: Old Designator=C8 New Designator=C25
Change Component Designator: Old Designator=C9 New Designator=C27
Change Component Designator: Old Designator=C10 New Designator=C28
Change Component Designator: Old Designator=C11 New Designator=C31
Change Component Designator: Old Designator=C14 New Designator=C12
Change Component Designator: Old Designator=C15 New Designator=C13
Change Component Designator: Old Designator=C15 New Designator=C42
Change Component Designator: Old Designator=C16 New Designator=C15
Change Component Designator: Old Designator=C17 New Designator=C16
Change Component Designator: Old Designator=C18 New Designator=C17
Change Component Designator: Old Designator=C18 New Designator=C37
Change Component Designator: Old Designator=C19 New Designator=C18
Change Component Designator: Old Designator=C20 New Designator=C19
Change Component Designator: Old Designator=C21 New Designator=C32
Change Component Designator: Old Designator=C21 New Designator=C39
Change Component Designator: Old Designator=C22 New Designator=C33
Change Component Designator: Old Designator=C23 New Designator=C34
Change Component Designator: Old Designator=C24 New Designator=C35
Change Component Designator: Old Designator=C? New Designator=C5
Change Component Designator: Old Designator=C? New Designator=C6
Change Component Designator: Old Designator=C? New Designator=C7
Change Component Designator: Old Designator=D1 New Designator=D14
Change Component Designator: Old Designator=D2 New Designator=D7
Change Component Designator: Old Designator=D3 New Designator=D1
Change Component Designator: Old Designator=D4 New Designator=D2
Change Component Designator: Old Designator=D? New Designator=D3
Change Component Designator: Old Designator=D? New Designator=D4
Change Component Designator: Old Designator=D? New Designator=D5
Change Component Designator: Old Designator=D? New Designator=D6
Change Component Designator: Old Designator=D? New Designator=D8
Change Component Designator: Old Designator=D? New Designator=D9
Change Component Designator: Old Designator=D? New Designator=D10
Change Component Designator: Old Designator=D? New Designator=D11
Change Component Designator: Old Designator=D? New Designator=D12
Change Component Designator: Old Designator=D? New Designator=D13
Change Component Designator: Old Designator=D? New Designator=D15
Change Component Designator: Old Designator=D? New Designator=D16
Change Component Designator: Old Designator=D? New Designator=D17
Change Component Designator: Old Designator=D? New Designator=D18
Change Component Designator: Old Designator=D? New Designator=D19
Change Component Designator: Old Designator=D? New Designator=D20
Change Component Designator: Old Designator=D? New Designator=D21
Change Component Designator: Old Designator=D? New Designator=D22
Change Component Designator: Old Designator=D? New Designator=D23
Change Component Designator: Old Designator=D? New Designator=D24
Change Component Designator: Old Designator=D? New Designator=D25
Change Component Designator: Old Designator=D? New Designator=D26
Change Component Designator: Old Designator=DEMP New Designator=DEMP1
Change Component Designator: Old Designator=Digital In New Designator=Digital In1
Change Component Designator: Old Designator=F1 New Designator=F2
Change Component Designator: Old Designator=F1 New Designator=F3
Change Component Designator: Old Designator=FILT New Designator=FILT1
Change Component Designator: Old Designator=HOLE? New Designator=HOLE1
Change Component Designator: Old Designator=HOLE? New Designator=HOLE2
Change Component Designator: Old Designator=HOLE? New Designator=HOLE3
Change Component Designator: Old Designator=HOLE? New Designator=HOLE4
Change Component Designator: Old Designator=IC1 New Designator=IC3
Change Component Designator: Old Designator=IC3 New Designator=IC4
Change Component Designator: Old Designator=IN_2 New Designator=IN_3
Change Component Designator: Old Designator=IN_3 New Designator=IN_2
Change Component Designator: Old Designator=IR Rx Pullout New Designator=IR Rx Pullout1
Change Component Designator: Old Designator=J? New Designator=J1
Change Component Designator: Old Designator=J? New Designator=J2
Change Component Designator: Old Designator=J? New Designator=J3
Change Component Designator: Old Designator=J? New Designator=J4
Change Component Designator: Old Designator=J? New Designator=J5
Change Component Designator: Old Designator=K? New Designator=K1
Change Component Designator: Old Designator=K? New Designator=K2
Change Component Designator: Old Designator=K? New Designator=K3
Change Component Designator: Old Designator=K? New Designator=K4
Change Component Designator: Old Designator=K? New Designator=K5
Change Component Designator: Old Designator=L1 New Designator=L2
Change Component Designator: Old Designator=P? New Designator=P1
Change Component Designator: Old Designator=P? New Designator=P2
Change Component Designator: Old Designator=P? New Designator=P3
Change Component Designator: Old Designator=P? New Designator=P4
Change Component Designator: Old Designator=P? New Designator=P5
Change Component Designator: Old Designator=PC Power Btn New Designator=PC Power Btn1
Change Component Designator: Old Designator=PF? New Designator=PF1
Change Component Designator: Old Designator=Power Btn New Designator=Power Btn1
Change Component Designator: Old Designator=Q? New Designator=Q1
Change Component Designator: Old Designator=Q? New Designator=Q2
Change Component Designator: Old Designator=Q? New Designator=Q3
Change Component Designator: Old Designator=Q? New Designator=Q4
Change Component Designator: Old Designator=Q? New Designator=Q5
Change Component Designator: Old Designator=Q? New Designator=Q6
Change Component Designator: Old Designator=R1 New Designator=R7
Change Component Designator: Old Designator=R1 New Designator=R9
Change Component Designator: Old Designator=R1 New Designator=R10
Change Component Designator: Old Designator=R1 New Designator=R12
Change Component Designator: Old Designator=R1 New Designator=R14
Change Component Designator: Old Designator=R1 New Designator=R15
Change Component Designator: Old Designator=R1 New Designator=R26
Change Component Designator: Old Designator=R1 New Designator=R27
Change Component Designator: Old Designator=R1 New Designator=R30
Change Component Designator: Old Designator=R1 New Designator=R35
Change Component Designator: Old Designator=R1 New Designator=R42
Change Component Designator: Old Designator=R1 New Designator=R43
Change Component Designator: Old Designator=R1 New Designator=R44
Change Component Designator: Old Designator=R1 New Designator=R45
Change Component Designator: Old Designator=R2 New Designator=R1
Change Component Designator: Old Designator=R3 New Designator=R2
Change Component Designator: Old Designator=R5 New Designator=R24
Change Component Designator: Old Designator=R6 New Designator=R25
Change Component Designator: Old Designator=R7 New Designator=R5
Change Component Designator: Old Designator=R8 New Designator=R4
Change Component Designator: Old Designator=R8 New Designator=R6
Change Component Designator: Old Designator=R8 New Designator=R11
Change Component Designator: Old Designator=R? New Designator=R3
Change Component Designator: Old Designator=R? New Designator=R13
Change Component Designator: Old Designator=R? New Designator=R16
Change Component Designator: Old Designator=R? New Designator=R17
Change Component Designator: Old Designator=R? New Designator=R18
Change Component Designator: Old Designator=R? New Designator=R19
Change Component Designator: Old Designator=R? New Designator=R20
Change Component Designator: Old Designator=R? New Designator=R21
Change Component Designator: Old Designator=R? New Designator=R22
Change Component Designator: Old Designator=R? New Designator=R23
Change Component Designator: Old Designator=R? New Designator=R28
Change Component Designator: Old Designator=R? New Designator=R29
Change Component Designator: Old Designator=R? New Designator=R31
Change Component Designator: Old Designator=R? New Designator=R32
Change Component Designator: Old Designator=R? New Designator=R33
Change Component Designator: Old Designator=R? New Designator=R34
Change Component Designator: Old Designator=R? New Designator=R36
Change Component Designator: Old Designator=R? New Designator=R37
Change Component Designator: Old Designator=R? New Designator=R38
Change Component Designator: Old Designator=R? New Designator=R39
Change Component Designator: Old Designator=R? New Designator=R40
Change Component Designator: Old Designator=R? New Designator=R41
Change Component Designator: Old Designator=RX New Designator=RX1
Change Component Designator: Old Designator=S? New Designator=S1
Change Component Designator: Old Designator=S? New Designator=S2
Change Component Designator: Old Designator=S? New Designator=S3
Change Component Designator: Old Designator=S? New Designator=S4
Change Component Designator: Old Designator=S? New Designator=S5
Change Component Designator: Old Designator=TOSLINK New Designator=TOSLINK1
Change Component Designator: Old Designator=TP2 New Designator=TP1
Change Component Designator: Old Designator=TP3 New Designator=TP2
Change Component Designator: Old Designator=TP? New Designator=TP3
Change Component Designator: Old Designator=U? New Designator=U1
Change Component Designator: Old Designator=U? New Designator=U2
Change Component Designator: Old Designator=U? New Designator=U3
Change Component Designator: Old Designator=U? New Designator=U4
Change Component Designator: Old Designator=U? New Designator=U5
Change Component Designator: Old Designator=U? New Designator=U6
Change Component Designator: Old Designator=U? New Designator=U7
Change Component Designator: Old Designator=USB New Designator=USB1
Change Component Designator: Old Designator=USB POWER BTN New Designator=USB POWER BTN1
Change Component Designator: Old Designator=V_SEL New Designator=V_SEL1
Change Component Designator: Old Designator=Wifi_Rx_JMP New Designator=Wifi_Rx_JMP1
Change Component Designator: Old Designator=Wifi_Tx_JMP New Designator=Wifi_Tx_JMP1
