Change Component Designator: Old Designator=C6 New Designator=C7
Change Component Designator: Old Designator=C7 New Designator=C8
Change Component Designator: Old Designator=C8 New Designator=C6
Change Component Designator: Old Designator=D9 New Designator=D10
Change Component Designator: Old Designator=D10 New Designator=D11
Change Component Designator: Old Designator=D11 New Designator=D13
Change Component Designator: Old Designator=D12 New Designator=D14
Change Component Designator: Old Designator=D13 New Designator=D15
Change Component Designator: Old Designator=D14 New Designator=D16
Change Component Designator: Old Designator=D15 New Designator=D17
Change Component Designator: Old Designator=D16 New Designator=D18
Change Component Designator: Old Designator=D17 New Designator=D19
Change Component Designator: Old Designator=D18 New Designator=D20
Change Component Designator: Old Designator=D19 New Designator=D21
Change Component Designator: Old Designator=D20 New Designator=D12
Change Component Designator: Old Designator=D20 New Designator=D22
Change Component Designator: Old Designator=D21 New Designator=D9
Change Component Designator: Old Designator=D21 New Designator=D23
Change Component Designator: Old Designator=D22 New Designator=D24
Change Component Designator: Old Designator=D23 New Designator=D25
Change Component Designator: Old Designator=D24 New Designator=D26
Change Component Designator: Old Designator=D25 New Designator=D27
Change Component Designator: Old Designator=D26 New Designator=D28
Change Component Designator: Old Designator=FLASH MODE New Designator=FLASH MODE1
Change Component Designator: Old Designator=IR LEARN New Designator=IR LEARN1
Change Component Designator: Old Designator=J2-1 New Designator=J3
Change Component Designator: Old Designator=J3 New Designator=J4
Change Component Designator: Old Designator=J4 New Designator=J5
Change Component Designator: Old Designator=J5 New Designator=J6
Change Component Designator: Old Designator=K1 New Designator=K4
Change Component Designator: Old Designator=K2 New Designator=K5
Change Component Designator: Old Designator=K3 New Designator=K1
Change Component Designator: Old Designator=K4 New Designator=K3
Change Component Designator: Old Designator=K5 New Designator=K2
Change Component Designator: Old Designator=MCU RESET New Designator=MCU RESET1
Change Component Designator: Old Designator=P3 New Designator=P4
Change Component Designator: Old Designator=P4 New Designator=P6
Change Component Designator: Old Designator=P10 New Designator=P1
Change Component Designator: Old Designator=PC PWR BUTTON New Designator=PC PWR BUTTON1
Change Component Designator: Old Designator=R31 New Designator=R30
Change Component Designator: Old Designator=R32 New Designator=R31
Change Component Designator: Old Designator=R33 New Designator=R32
Change Component Designator: Old Designator=R34 New Designator=R33
Change Component Designator: Old Designator=R35 New Designator=R34
Change Component Designator: Old Designator=R36 New Designator=R35
Change Component Designator: Old Designator=R37 New Designator=R36
Change Component Designator: Old Designator=R38-1 New Designator=R39
Change Component Designator: Old Designator=R38 New Designator=R37
Change Component Designator: Old Designator=R39-1 New Designator=R40
Change Component Designator: Old Designator=R39 New Designator=R38
Change Component Designator: Old Designator=R40 New Designator=R41
Change Component Designator: Old Designator=R41 New Designator=R42
Change Component Designator: Old Designator=R42 New Designator=R44
Change Component Designator: Old Designator=R43 New Designator=R45
Change Component Designator: Old Designator=R44 New Designator=R46
Change Component Designator: Old Designator=R45 New Designator=R47
Change Component Designator: Old Designator=R60 New Designator=R43
Change Component Designator: Old Designator=S5 New Designator=S2
Change Component Designator: Old Designator=TP3 New Designator=TP2
Change Component Designator: Old Designator=USB PWN BTN New Designator=USB PWN BTN1
